2025-11-22 11:39:49,410 [Worker-2: Loading available Gradle versions] INFO  o.e.b.c.i.u.g.PublishedGradleVersions - Gradle version information cache is up-to-date. Trying to read.
2025-11-22 13:51:10,458 [Worker-1: Loading available Gradle versions] INFO  o.e.b.c.i.u.g.PublishedGradleVersions - Gradle version information cache is up-to-date. Trying to read.
2025-11-22 13:51:46,346 [Worker-9: Importing Maven projects] INFO  o.e.m.c.i.l.LifecycleMappingFactory - Using org.eclipse.m2e.jdt.JarLifecycleMapping lifecycle mapping for MavenProject: com.labourmanagement:labourmanagement:0.0.1-SNAPSHOT @ C:\labourmanagement\labourmanagement\pom.xml.
2025-11-22 13:51:48,723 [Worker-9: Importing Maven projects] INFO  o.e.m.j.i.AbstractJavaProjectConfigurator - Adding source folder /labourmanagement/src/main/java
2025-11-22 13:51:48,726 [Worker-9: Importing Maven projects] INFO  o.e.m.j.i.AbstractJavaProjectConfigurator - Adding resource folder /labourmanagement/src/main/resources
2025-11-22 13:51:48,727 [Worker-9: Importing Maven projects] INFO  o.e.m.j.i.AbstractJavaProjectConfigurator - Adding resource folder /labourmanagement/src/main/resources
2025-11-22 13:51:48,729 [Worker-9: Importing Maven projects] INFO  o.e.m.j.i.AbstractJavaProjectConfigurator - Adding source folder /labourmanagement/src/test/java
2025-11-22 13:51:49,619 [Worker-9: Importing Maven projects] INFO  o.e.m.c.i.p.ProjectConfigurationManager - Imported and configured 1 project(s) in 6 sec
2025-11-22 14:03:56,068 [Worker-5: Building] INFO  o.e.m.c.i.l.LifecycleMappingFactory - Using org.eclipse.m2e.jdt.JarLifecycleMapping lifecycle mapping for MavenProject: com.labourmanagement:labourmanagement:0.0.1-SNAPSHOT @ C:\labourmanagement\labourmanagement\pom.xml.
2025-11-22 14:03:56,969 [Worker-5: Building] INFO  o.a.m.s.f.DefaultMavenResourcesFiltering - Copying 0 resource from src\main\resources to target\classes
2025-11-22 14:03:56,970 [Worker-5: Building] INFO  o.a.m.s.f.DefaultMavenResourcesFiltering - Copying 0 resource from src\main\resources to target\classes
2025-11-22 14:03:56,978 [Worker-5: Building] INFO  o.a.m.s.f.DefaultMavenResourcesFiltering - skip non existing resourceDirectory C:\labourmanagement\labourmanagement\src\test\resources
2025-11-22 14:05:07,931 [Worker-14: Launching Executing clean in C__labourmanagement_labourmanagement] INFO  o.eclipse.m2e.core.internal.Bundles - getClasspathEntries(Bundle=org.eclipse.m2e.maven.runtime_3.8.604.20221130-2149 [345])
2025-11-22 14:05:07,989 [Worker-14: Launching Executing clean in C__labourmanagement_labourmanagement] INFO  o.eclipse.m2e.core.internal.Bundles - 	Entry: C:\Users\SANTOSH\OneDrive\Desktop\sts-4.17.1.RELEASE\plugins\org.eclipse.m2e.maven.runtime_3.8.604.20221130-2149
2025-11-22 14:05:07,990 [Worker-14: Launching Executing clean in C__labourmanagement_labourmanagement] INFO  o.eclipse.m2e.core.internal.Bundles - 	Entry: C:\Users\SANTOSH\OneDrive\Desktop\sts-4.17.1.RELEASE\plugins\org.eclipse.m2e.maven.runtime_3.8.604.20221130-2149\jars\aether-connector-okhttp-0.17.8.jar
2025-11-22 14:05:07,991 [Worker-14: Launching Executing clean in C__labourmanagement_labourmanagement] INFO  o.eclipse.m2e.core.internal.Bundles - 	Entry: C:\Users\SANTOSH\OneDrive\Desktop\sts-4.17.1.RELEASE\plugins\org.eclipse.m2e.maven.runtime_3.8.604.20221130-2149\jars\commons-cli-1.4.jar
2025-11-22 14:05:07,991 [Worker-14: Launching Executing clean in C__labourmanagement_labourmanagement] INFO  o.eclipse.m2e.core.internal.Bundles - 	Entry: C:\Users\SANTOSH\OneDrive\Desktop\sts-4.17.1.RELEASE\plugins\org.eclipse.m2e.maven.runtime_3.8.604.20221130-2149\jars\commons-io-2.6.jar
2025-11-22 14:05:07,992 [Worker-14: Launching Executing clean in C__labourmanagement_labourmanagement] INFO  o.eclipse.m2e.core.internal.Bundles - 	Entry: C:\Users\SANTOSH\OneDrive\Desktop\sts-4.17.1.RELEASE\plugins\org.eclipse.m2e.maven.runtime_3.8.604.20221130-2149\jars\commons-lang3-3.8.1.jar
2025-11-22 14:05:07,992 [Worker-14: Launching Executing clean in C__labourmanagement_labourmanagement] INFO  o.eclipse.m2e.core.internal.Bundles - 	Entry: C:\Users\SANTOSH\OneDrive\Desktop\sts-4.17.1.RELEASE\plugins\org.eclipse.m2e.maven.runtime_3.8.604.20221130-2149\jars\guice-4.2.2-no_aop.jar
2025-11-22 14:05:07,992 [Worker-14: Launching Executing clean in C__labourmanagement_labourmanagement] INFO  o.eclipse.m2e.core.internal.Bundles - 	Entry: C:\Users\SANTOSH\OneDrive\Desktop\sts-4.17.1.RELEASE\plugins\org.eclipse.m2e.maven.runtime_3.8.604.20221130-2149\jars\jansi-2.4.0.jar
2025-11-22 14:05:07,993 [Worker-14: Launching Executing clean in C__labourmanagement_labourmanagement] INFO  o.eclipse.m2e.core.internal.Bundles - 	Entry: C:\Users\SANTOSH\OneDrive\Desktop\sts-4.17.1.RELEASE\plugins\org.eclipse.m2e.maven.runtime_3.8.604.20221130-2149\jars\maven-artifact-3.8.6.jar
2025-11-22 14:05:07,993 [Worker-14: Launching Executing clean in C__labourmanagement_labourmanagement] INFO  o.eclipse.m2e.core.internal.Bundles - 	Entry: C:\Users\SANTOSH\OneDrive\Desktop\sts-4.17.1.RELEASE\plugins\org.eclipse.m2e.maven.runtime_3.8.604.20221130-2149\jars\maven-builder-support-3.8.6.jar
2025-11-22 14:05:07,994 [Worker-14: Launching Executing clean in C__labourmanagement_labourmanagement] INFO  o.eclipse.m2e.core.internal.Bundles - 	Entry: C:\Users\SANTOSH\OneDrive\Desktop\sts-4.17.1.RELEASE\plugins\org.eclipse.m2e.maven.runtime_3.8.604.20221130-2149\jars\maven-compat-3.8.6.jar
2025-11-22 14:05:07,994 [Worker-14: Launching Executing clean in C__labourmanagement_labourmanagement] INFO  o.eclipse.m2e.core.internal.Bundles - 	Entry: C:\Users\SANTOSH\OneDrive\Desktop\sts-4.17.1.RELEASE\plugins\org.eclipse.m2e.maven.runtime_3.8.604.20221130-2149\jars\maven-core-3.8.6.jar
2025-11-22 14:05:07,994 [Worker-14: Launching Executing clean in C__labourmanagement_labourmanagement] INFO  o.eclipse.m2e.core.internal.Bundles - 	Entry: C:\Users\SANTOSH\OneDrive\Desktop\sts-4.17.1.RELEASE\plugins\org.eclipse.m2e.maven.runtime_3.8.604.20221130-2149\jars\maven-embedder-3.8.6.jar
2025-11-22 14:05:07,995 [Worker-14: Launching Executing clean in C__labourmanagement_labourmanagement] INFO  o.eclipse.m2e.core.internal.Bundles - 	Entry: C:\Users\SANTOSH\OneDrive\Desktop\sts-4.17.1.RELEASE\plugins\org.eclipse.m2e.maven.runtime_3.8.604.20221130-2149\jars\maven-model-3.8.6.jar
2025-11-22 14:05:07,995 [Worker-14: Launching Executing clean in C__labourmanagement_labourmanagement] INFO  o.eclipse.m2e.core.internal.Bundles - 	Entry: C:\Users\SANTOSH\OneDrive\Desktop\sts-4.17.1.RELEASE\plugins\org.eclipse.m2e.maven.runtime_3.8.604.20221130-2149\jars\maven-model-builder-3.8.6.jar
2025-11-22 14:05:07,995 [Worker-14: Launching Executing clean in C__labourmanagement_labourmanagement] INFO  o.eclipse.m2e.core.internal.Bundles - 	Entry: C:\Users\SANTOSH\OneDrive\Desktop\sts-4.17.1.RELEASE\plugins\org.eclipse.m2e.maven.runtime_3.8.604.20221130-2149\jars\maven-plugin-api-3.8.6.jar
2025-11-22 14:05:07,996 [Worker-14: Launching Executing clean in C__labourmanagement_labourmanagement] INFO  o.eclipse.m2e.core.internal.Bundles - 	Entry: C:\Users\SANTOSH\OneDrive\Desktop\sts-4.17.1.RELEASE\plugins\org.eclipse.m2e.maven.runtime_3.8.604.20221130-2149\jars\maven-repository-metadata-3.8.6.jar
2025-11-22 14:05:07,996 [Worker-14: Launching Executing clean in C__labourmanagement_labourmanagement] INFO  o.eclipse.m2e.core.internal.Bundles - 	Entry: C:\Users\SANTOSH\OneDrive\Desktop\sts-4.17.1.RELEASE\plugins\org.eclipse.m2e.maven.runtime_3.8.604.20221130-2149\jars\maven-resolver-api-1.6.3.jar
2025-11-22 14:05:07,996 [Worker-14: Launching Executing clean in C__labourmanagement_labourmanagement] INFO  o.eclipse.m2e.core.internal.Bundles - 	Entry: C:\Users\SANTOSH\OneDrive\Desktop\sts-4.17.1.RELEASE\plugins\org.eclipse.m2e.maven.runtime_3.8.604.20221130-2149\jars\maven-resolver-connector-basic-1.6.3.jar
2025-11-22 14:05:07,997 [Worker-14: Launching Executing clean in C__labourmanagement_labourmanagement] INFO  o.eclipse.m2e.core.internal.Bundles - 	Entry: C:\Users\SANTOSH\OneDrive\Desktop\sts-4.17.1.RELEASE\plugins\org.eclipse.m2e.maven.runtime_3.8.604.20221130-2149\jars\maven-resolver-impl-1.6.3.jar
2025-11-22 14:05:07,997 [Worker-14: Launching Executing clean in C__labourmanagement_labourmanagement] INFO  o.eclipse.m2e.core.internal.Bundles - 	Entry: C:\Users\SANTOSH\OneDrive\Desktop\sts-4.17.1.RELEASE\plugins\org.eclipse.m2e.maven.runtime_3.8.604.20221130-2149\jars\maven-resolver-provider-3.8.6.jar
2025-11-22 14:05:07,997 [Worker-14: Launching Executing clean in C__labourmanagement_labourmanagement] INFO  o.eclipse.m2e.core.internal.Bundles - 	Entry: C:\Users\SANTOSH\OneDrive\Desktop\sts-4.17.1.RELEASE\plugins\org.eclipse.m2e.maven.runtime_3.8.604.20221130-2149\jars\maven-resolver-spi-1.6.3.jar
2025-11-22 14:05:07,998 [Worker-14: Launching Executing clean in C__labourmanagement_labourmanagement] INFO  o.eclipse.m2e.core.internal.Bundles - 	Entry: C:\Users\SANTOSH\OneDrive\Desktop\sts-4.17.1.RELEASE\plugins\org.eclipse.m2e.maven.runtime_3.8.604.20221130-2149\jars\maven-resolver-transport-wagon-1.6.3.jar
2025-11-22 14:05:07,998 [Worker-14: Launching Executing clean in C__labourmanagement_labourmanagement] INFO  o.eclipse.m2e.core.internal.Bundles - 	Entry: C:\Users\SANTOSH\OneDrive\Desktop\sts-4.17.1.RELEASE\plugins\org.eclipse.m2e.maven.runtime_3.8.604.20221130-2149\jars\maven-resolver-util-1.6.3.jar
2025-11-22 14:05:07,998 [Worker-14: Launching Executing clean in C__labourmanagement_labourmanagement] INFO  o.eclipse.m2e.core.internal.Bundles - 	Entry: C:\Users\SANTOSH\OneDrive\Desktop\sts-4.17.1.RELEASE\plugins\org.eclipse.m2e.maven.runtime_3.8.604.20221130-2149\jars\maven-settings-3.8.6.jar
2025-11-22 14:05:07,999 [Worker-14: Launching Executing clean in C__labourmanagement_labourmanagement] INFO  o.eclipse.m2e.core.internal.Bundles - 	Entry: C:\Users\SANTOSH\OneDrive\Desktop\sts-4.17.1.RELEASE\plugins\org.eclipse.m2e.maven.runtime_3.8.604.20221130-2149\jars\maven-settings-builder-3.8.6.jar
2025-11-22 14:05:07,999 [Worker-14: Launching Executing clean in C__labourmanagement_labourmanagement] INFO  o.eclipse.m2e.core.internal.Bundles - 	Entry: C:\Users\SANTOSH\OneDrive\Desktop\sts-4.17.1.RELEASE\plugins\org.eclipse.m2e.maven.runtime_3.8.604.20221130-2149\jars\maven-shared-utils-3.3.4.jar
2025-11-22 14:05:07,999 [Worker-14: Launching Executing clean in C__labourmanagement_labourmanagement] INFO  o.eclipse.m2e.core.internal.Bundles - 	Entry: C:\Users\SANTOSH\OneDrive\Desktop\sts-4.17.1.RELEASE\plugins\org.eclipse.m2e.maven.runtime_3.8.604.20221130-2149\jars\okhttp-3.14.1.jar
2025-11-22 14:05:07,999 [Worker-14: Launching Executing clean in C__labourmanagement_labourmanagement] INFO  o.eclipse.m2e.core.internal.Bundles - 	Entry: C:\Users\SANTOSH\OneDrive\Desktop\sts-4.17.1.RELEASE\plugins\org.eclipse.m2e.maven.runtime_3.8.604.20221130-2149\jars\okio-1.17.3.jar
2025-11-22 14:05:08,000 [Worker-14: Launching Executing clean in C__labourmanagement_labourmanagement] INFO  o.eclipse.m2e.core.internal.Bundles - 	Entry: C:\Users\SANTOSH\OneDrive\Desktop\sts-4.17.1.RELEASE\plugins\org.eclipse.m2e.maven.runtime_3.8.604.20221130-2149\jars\org.eclipse.sisu.inject-0.3.5.jar
2025-11-22 14:05:08,000 [Worker-14: Launching Executing clean in C__labourmanagement_labourmanagement] INFO  o.eclipse.m2e.core.internal.Bundles - 	Entry: C:\Users\SANTOSH\OneDrive\Desktop\sts-4.17.1.RELEASE\plugins\org.eclipse.m2e.maven.runtime_3.8.604.20221130-2149\jars\org.eclipse.sisu.plexus-0.3.5.jar
2025-11-22 14:05:08,000 [Worker-14: Launching Executing clean in C__labourmanagement_labourmanagement] INFO  o.eclipse.m2e.core.internal.Bundles - 	Entry: C:\Users\SANTOSH\OneDrive\Desktop\sts-4.17.1.RELEASE\plugins\org.eclipse.m2e.maven.runtime_3.8.604.20221130-2149\jars\plexus-build-api-0.0.7.jar
2025-11-22 14:05:08,001 [Worker-14: Launching Executing clean in C__labourmanagement_labourmanagement] INFO  o.eclipse.m2e.core.internal.Bundles - 	Entry: C:\Users\SANTOSH\OneDrive\Desktop\sts-4.17.1.RELEASE\plugins\org.eclipse.m2e.maven.runtime_3.8.604.20221130-2149\jars\plexus-cipher-2.0.jar
2025-11-22 14:05:08,002 [Worker-14: Launching Executing clean in C__labourmanagement_labourmanagement] INFO  o.eclipse.m2e.core.internal.Bundles - 	Entry: C:\Users\SANTOSH\OneDrive\Desktop\sts-4.17.1.RELEASE\plugins\org.eclipse.m2e.maven.runtime_3.8.604.20221130-2149\jars\plexus-classworlds-2.6.0.jar
2025-11-22 14:05:08,002 [Worker-14: Launching Executing clean in C__labourmanagement_labourmanagement] INFO  o.eclipse.m2e.core.internal.Bundles - 	Entry: C:\Users\SANTOSH\OneDrive\Desktop\sts-4.17.1.RELEASE\plugins\org.eclipse.m2e.maven.runtime_3.8.604.20221130-2149\jars\plexus-component-annotations-2.1.0.jar
2025-11-22 14:05:08,003 [Worker-14: Launching Executing clean in C__labourmanagement_labourmanagement] INFO  o.eclipse.m2e.core.internal.Bundles - 	Entry: C:\Users\SANTOSH\OneDrive\Desktop\sts-4.17.1.RELEASE\plugins\org.eclipse.m2e.maven.runtime_3.8.604.20221130-2149\jars\plexus-interpolation-1.26.jar
2025-11-22 14:05:08,004 [Worker-14: Launching Executing clean in C__labourmanagement_labourmanagement] INFO  o.eclipse.m2e.core.internal.Bundles - 	Entry: C:\Users\SANTOSH\OneDrive\Desktop\sts-4.17.1.RELEASE\plugins\org.eclipse.m2e.maven.runtime_3.8.604.20221130-2149\jars\plexus-sec-dispatcher-2.0.jar
2025-11-22 14:05:08,005 [Worker-14: Launching Executing clean in C__labourmanagement_labourmanagement] INFO  o.eclipse.m2e.core.internal.Bundles - 	Entry: C:\Users\SANTOSH\OneDrive\Desktop\sts-4.17.1.RELEASE\plugins\org.eclipse.m2e.maven.runtime_3.8.604.20221130-2149\jars\plexus-utils-3.3.1.jar
2025-11-22 14:05:08,005 [Worker-14: Launching Executing clean in C__labourmanagement_labourmanagement] INFO  o.eclipse.m2e.core.internal.Bundles - 	Entry: C:\Users\SANTOSH\OneDrive\Desktop\sts-4.17.1.RELEASE\plugins\org.eclipse.m2e.maven.runtime_3.8.604.20221130-2149\jars\wagon-file-3.5.1.jar
2025-11-22 14:05:08,005 [Worker-14: Launching Executing clean in C__labourmanagement_labourmanagement] INFO  o.eclipse.m2e.core.internal.Bundles - 	Entry: C:\Users\SANTOSH\OneDrive\Desktop\sts-4.17.1.RELEASE\plugins\org.eclipse.m2e.maven.runtime_3.8.604.20221130-2149\jars\wagon-provider-api-3.5.1.jar
2025-11-22 14:05:08,010 [Worker-14: Launching Executing clean in C__labourmanagement_labourmanagement] INFO  o.eclipse.m2e.core.internal.Bundles - getClasspathEntries(Bundle=com.google.guava_30.1.0.v20221112-0806 [22])
2025-11-22 14:05:08,014 [Worker-14: Launching Executing clean in C__labourmanagement_labourmanagement] INFO  o.eclipse.m2e.core.internal.Bundles - 	Entry: C:\Users\SANTOSH\OneDrive\Desktop\sts-4.17.1.RELEASE\plugins\com.google.guava_30.1.0.v20221112-0806.jar
2025-11-22 14:05:08,014 [Worker-14: Launching Executing clean in C__labourmanagement_labourmanagement] INFO  o.eclipse.m2e.core.internal.Bundles - getClasspathEntries(Bundle=slf4j.api_1.7.36 [584])
2025-11-22 14:05:08,015 [Worker-14: Launching Executing clean in C__labourmanagement_labourmanagement] INFO  o.eclipse.m2e.core.internal.Bundles - 	Entry: C:\Users\SANTOSH\OneDrive\Desktop\sts-4.17.1.RELEASE\plugins\slf4j.api_1.7.36.jar
2025-11-22 14:05:08,016 [Worker-14: Launching Executing clean in C__labourmanagement_labourmanagement] INFO  o.eclipse.m2e.core.internal.Bundles - getClasspathEntries(Bundle=javax.inject_1.0.0.v20220405-0441 [49])
2025-11-22 14:05:08,018 [Worker-14: Launching Executing clean in C__labourmanagement_labourmanagement] INFO  o.eclipse.m2e.core.internal.Bundles - 	Entry: C:\Users\SANTOSH\OneDrive\Desktop\sts-4.17.1.RELEASE\plugins\javax.inject_1.0.0.v20220405-0441.jar
2025-11-22 14:05:08,018 [Worker-14: Launching Executing clean in C__labourmanagement_labourmanagement] INFO  o.eclipse.m2e.core.internal.Bundles - getClasspathEntries(Bundle=javax.annotation_1.3.5.v20221112-0806 [47])
2025-11-22 14:05:08,022 [Worker-14: Launching Executing clean in C__labourmanagement_labourmanagement] INFO  o.eclipse.m2e.core.internal.Bundles - 	Entry: C:\Users\SANTOSH\OneDrive\Desktop\sts-4.17.1.RELEASE\plugins\javax.annotation_1.3.5.v20221112-0806.jar
2025-11-22 14:05:08,029 [Worker-14: Launching Executing clean in C__labourmanagement_labourmanagement] INFO  o.e.m.i.launch.MavenLaunchDelegate - Run build in "C:\labourmanagement\labourmanagement":
2025-11-22 14:05:08,031 [Worker-14: Launching Executing clean in C__labourmanagement_labourmanagement] INFO  o.e.m.i.launch.MavenLaunchDelegate -  mvn  -B -Dstyle.color=always clean
2025-11-22 14:05:15,373 [Worker-15: Building] INFO  o.a.m.s.f.DefaultMavenResourcesFiltering - Copying 1 resource from src\main\resources to target\classes
2025-11-22 14:05:15,419 [Worker-15: Building] INFO  o.a.m.s.f.DefaultMavenResourcesFiltering - Copying 0 resource from src\main\resources to target\classes
2025-11-22 14:05:15,428 [Worker-15: Building] INFO  o.a.m.s.f.DefaultMavenResourcesFiltering - skip non existing resourceDirectory C:\labourmanagement\labourmanagement\src\test\resources
2025-11-22 14:10:57,810 [Worker-19: Building] INFO  o.a.m.s.f.DefaultMavenResourcesFiltering - Copying 1 resource from src\main\resources to target\classes
2025-11-22 14:10:57,865 [Worker-19: Building] INFO  o.a.m.s.f.DefaultMavenResourcesFiltering - Copying 0 resource from src\main\resources to target\classes
2025-11-22 14:10:57,872 [Worker-19: Building] INFO  o.a.m.s.f.DefaultMavenResourcesFiltering - skip non existing resourceDirectory C:\labourmanagement\labourmanagement\src\test\resources
2025-11-22 14:11:23,944 [Worker-20: Building] INFO  o.a.m.s.f.DefaultMavenResourcesFiltering - Copying 1 resource from src\main\resources to target\classes
2025-11-22 14:11:23,972 [Worker-20: Building] INFO  o.a.m.s.f.DefaultMavenResourcesFiltering - Copying 0 resource from src\main\resources to target\classes
2025-11-22 14:11:23,978 [Worker-20: Building] INFO  o.a.m.s.f.DefaultMavenResourcesFiltering - skip non existing resourceDirectory C:\labourmanagement\labourmanagement\src\test\resources
2025-11-22 14:12:11,081 [Worker-17: Building] INFO  o.a.m.s.f.DefaultMavenResourcesFiltering - Copying 1 resource from src\main\resources to target\classes
2025-11-22 14:12:11,098 [Worker-17: Building] INFO  o.a.m.s.f.DefaultMavenResourcesFiltering - Copying 0 resource from src\main\resources to target\classes
2025-11-22 14:12:11,108 [Worker-17: Building] INFO  o.a.m.s.f.DefaultMavenResourcesFiltering - skip non existing resourceDirectory C:\labourmanagement\labourmanagement\src\test\resources
2025-11-22 14:14:25,424 [Worker-19: Importing Maven projects] INFO  o.e.m.c.i.l.LifecycleMappingFactory - Using org.eclipse.m2e.jdt.JarLifecycleMapping lifecycle mapping for MavenProject: com.labourmanagement:labourmanagement:0.0.1-SNAPSHOT @ C:\labourmanagement\labourmanagement\pom.xml.
2025-11-22 14:14:26,028 [Worker-19: Importing Maven projects] INFO  o.e.m.j.i.AbstractJavaProjectConfigurator - Adding source folder /labourmanagement/src/main/java
2025-11-22 14:14:26,028 [Worker-19: Importing Maven projects] INFO  o.e.m.j.i.AbstractJavaProjectConfigurator - Adding resource folder /labourmanagement/src/main/resources
2025-11-22 14:14:26,029 [Worker-19: Importing Maven projects] INFO  o.e.m.j.i.AbstractJavaProjectConfigurator - Adding resource folder /labourmanagement/src/main/resources
2025-11-22 14:14:26,030 [Worker-19: Importing Maven projects] INFO  o.e.m.j.i.AbstractJavaProjectConfigurator - Adding source folder /labourmanagement/src/test/java
2025-11-22 14:14:26,294 [Worker-19: Importing Maven projects] INFO  o.e.m.c.i.p.ProjectConfigurationManager - Imported and configured 1 project(s) in 1 sec
2025-11-22 14:17:25,362 [Worker-23: Building] INFO  o.e.m.c.i.l.LifecycleMappingFactory - Using org.eclipse.m2e.jdt.JarLifecycleMapping lifecycle mapping for MavenProject: com.labourmanagement:labourmanagement:0.0.1-SNAPSHOT @ C:\labourmanagement\labourmanagement\pom.xml.
2025-11-22 14:17:26,094 [Worker-23: Building] INFO  o.a.m.s.f.DefaultMavenResourcesFiltering - Copying 0 resource from src\main\resources to target\classes
2025-11-22 14:17:26,095 [Worker-23: Building] INFO  o.a.m.s.f.DefaultMavenResourcesFiltering - Copying 0 resource from src\main\resources to target\classes
2025-11-22 14:17:26,102 [Worker-23: Building] INFO  o.a.m.s.f.DefaultMavenResourcesFiltering - skip non existing resourceDirectory C:\labourmanagement\labourmanagement\src\test\resources
2025-11-22 14:18:49,156 [Worker-23: Launching Executing clean in C__labourmanagement_labourmanagement] INFO  o.e.m.i.launch.MavenLaunchDelegate - Run build in "C:\labourmanagement\labourmanagement":
2025-11-22 14:18:49,157 [Worker-23: Launching Executing clean in C__labourmanagement_labourmanagement] INFO  o.e.m.i.launch.MavenLaunchDelegate -  mvn  -B -Dstyle.color=always clean
2025-11-22 14:18:53,336 [Worker-19: Building] INFO  o.a.m.s.f.DefaultMavenResourcesFiltering - Copying 1 resource from src\main\resources to target\classes
2025-11-22 14:18:53,359 [Worker-19: Building] INFO  o.a.m.s.f.DefaultMavenResourcesFiltering - Copying 0 resource from src\main\resources to target\classes
2025-11-22 14:18:53,364 [Worker-19: Building] INFO  o.a.m.s.f.DefaultMavenResourcesFiltering - skip non existing resourceDirectory C:\labourmanagement\labourmanagement\src\test\resources
2025-11-22 14:21:00,702 [Worker-23: Launching Executing install in C__labourmanagement_labourmanagement] INFO  o.e.m.i.launch.MavenLaunchDelegate - Run build in "C:\labourmanagement\labourmanagement":
2025-11-22 14:21:00,703 [Worker-23: Launching Executing install in C__labourmanagement_labourmanagement] INFO  o.e.m.i.launch.MavenLaunchDelegate -  mvn  -B -Dstyle.color=always install
2025-11-22 14:22:01,097 [Worker-23: Building] INFO  o.a.m.s.f.DefaultMavenResourcesFiltering - Copying 1 resource from src\main\resources to target\classes
2025-11-22 14:22:01,101 [Worker-23: Building] INFO  o.a.m.s.f.DefaultMavenResourcesFiltering - Copying 0 resource from src\main\resources to target\classes
2025-11-22 14:22:01,108 [Worker-23: Building] INFO  o.a.m.s.f.DefaultMavenResourcesFiltering - skip non existing resourceDirectory C:\labourmanagement\labourmanagement\src\test\resources
2025-11-22 14:24:54,696 [Worker-24: Building] INFO  o.a.m.s.f.DefaultMavenResourcesFiltering - Copying 1 resource from src\main\resources to target\classes
2025-11-22 14:24:54,710 [Worker-24: Building] INFO  o.a.m.s.f.DefaultMavenResourcesFiltering - Copying 0 resource from src\main\resources to target\classes
2025-11-22 14:24:54,713 [Worker-24: Building] INFO  o.a.m.s.f.DefaultMavenResourcesFiltering - skip non existing resourceDirectory C:\labourmanagement\labourmanagement\src\test\resources
2025-11-22 14:53:00,499 [Worker-29: Building] INFO  o.a.m.s.f.DefaultMavenResourcesFiltering - Copying 1 resource from src\main\resources to target\classes
2025-11-22 14:53:00,531 [Worker-29: Building] INFO  o.a.m.s.f.DefaultMavenResourcesFiltering - Copying 0 resource from src\main\resources to target\classes
2025-11-22 14:53:00,536 [Worker-29: Building] INFO  o.a.m.s.f.DefaultMavenResourcesFiltering - skip non existing resourceDirectory C:\labourmanagement\labourmanagement\src\test\resources
2025-11-22 14:53:47,499 [Worker-34: Building] INFO  o.a.m.s.f.DefaultMavenResourcesFiltering - Copying 1 resource from src\main\resources to target\classes
2025-11-22 14:53:47,591 [Worker-34: Building] INFO  o.a.m.s.f.DefaultMavenResourcesFiltering - Copying 0 resource from src\main\resources to target\classes
2025-11-22 14:53:47,597 [Worker-34: Building] INFO  o.a.m.s.f.DefaultMavenResourcesFiltering - skip non existing resourceDirectory C:\labourmanagement\labourmanagement\src\test\resources
2025-11-22 14:58:21,352 [Worker-29: Building] INFO  o.a.m.s.f.DefaultMavenResourcesFiltering - Copying 1 resource from src\main\resources to target\classes
2025-11-22 14:58:21,501 [Worker-29: Building] INFO  o.a.m.s.f.DefaultMavenResourcesFiltering - Copying 0 resource from src\main\resources to target\classes
2025-11-22 14:58:21,509 [Worker-29: Building] INFO  o.a.m.s.f.DefaultMavenResourcesFiltering - skip non existing resourceDirectory C:\labourmanagement\labourmanagement\src\test\resources
2025-11-22 14:59:02,876 [Worker-36: Building] INFO  o.a.m.s.f.DefaultMavenResourcesFiltering - Copying 1 resource from src\main\resources to target\classes
2025-11-22 14:59:02,916 [Worker-36: Building] INFO  o.a.m.s.f.DefaultMavenResourcesFiltering - Copying 0 resource from src\main\resources to target\classes
2025-11-22 14:59:02,925 [Worker-36: Building] INFO  o.a.m.s.f.DefaultMavenResourcesFiltering - skip non existing resourceDirectory C:\labourmanagement\labourmanagement\src\test\resources
2025-11-22 19:44:52,549 [Worker-1: Loading available Gradle versions] INFO  o.e.b.c.i.u.g.PublishedGradleVersions - Gradle version information cache is up-to-date. Trying to read.
2025-11-22 20:56:38,469 [Worker-14: Launching labourmanagement - LabourmanagementApplication] INFO  o.a.m.s.f.DefaultMavenResourcesFiltering - Copying 1 resource from src\main\resources to target\classes
2025-11-22 20:56:38,513 [Worker-14: Launching labourmanagement - LabourmanagementApplication] INFO  o.a.m.s.f.DefaultMavenResourcesFiltering - Copying 0 resource from src\main\resources to target\classes
2025-11-22 20:56:38,519 [Worker-14: Launching labourmanagement - LabourmanagementApplication] INFO  o.a.m.s.f.DefaultMavenResourcesFiltering - skip non existing resourceDirectory C:\labourmanagement\labourmanagement\src\test\resources
2025-11-22 21:14:31,024 [Worker-20: Building] INFO  o.a.m.s.f.DefaultMavenResourcesFiltering - Copying 1 resource from src\main\resources to target\classes
2025-11-22 21:14:31,206 [Worker-20: Building] INFO  o.a.m.s.f.DefaultMavenResourcesFiltering - Copying 0 resource from src\main\resources to target\classes
2025-11-22 21:14:31,213 [Worker-20: Building] INFO  o.a.m.s.f.DefaultMavenResourcesFiltering - skip non existing resourceDirectory C:\labourmanagement\labourmanagement\src\test\resources
2025-11-22 21:20:01,232 [Worker-21: Building] INFO  o.a.m.s.f.DefaultMavenResourcesFiltering - Copying 1 resource from src\main\resources to target\classes
2025-11-22 21:20:01,268 [Worker-21: Building] INFO  o.a.m.s.f.DefaultMavenResourcesFiltering - Copying 0 resource from src\main\resources to target\classes
2025-11-22 21:20:01,276 [Worker-21: Building] INFO  o.a.m.s.f.DefaultMavenResourcesFiltering - skip non existing resourceDirectory C:\labourmanagement\labourmanagement\src\test\resources
2025-11-22 21:22:17,577 [Worker-18: Building] INFO  o.a.m.s.f.DefaultMavenResourcesFiltering - Copying 1 resource from src\main\resources to target\classes
2025-11-22 21:22:17,591 [Worker-18: Building] INFO  o.a.m.s.f.DefaultMavenResourcesFiltering - Copying 0 resource from src\main\resources to target\classes
2025-11-22 21:22:17,602 [Worker-18: Building] INFO  o.a.m.s.f.DefaultMavenResourcesFiltering - skip non existing resourceDirectory C:\labourmanagement\labourmanagement\src\test\resources
2025-11-22 21:26:11,675 [Worker-25: Building] INFO  o.a.m.s.f.DefaultMavenResourcesFiltering - Copying 1 resource from src\main\resources to target\classes
2025-11-22 21:26:11,710 [Worker-25: Building] INFO  o.a.m.s.f.DefaultMavenResourcesFiltering - Copying 0 resource from src\main\resources to target\classes
2025-11-22 21:26:11,720 [Worker-25: Building] INFO  o.a.m.s.f.DefaultMavenResourcesFiltering - skip non existing resourceDirectory C:\labourmanagement\labourmanagement\src\test\resources
2025-11-22 21:26:34,713 [Worker-25: Building] INFO  o.a.m.s.f.DefaultMavenResourcesFiltering - Copying 1 resource from src\main\resources to target\classes
2025-11-22 21:26:34,735 [Worker-25: Building] INFO  o.a.m.s.f.DefaultMavenResourcesFiltering - Copying 0 resource from src\main\resources to target\classes
2025-11-22 21:26:34,742 [Worker-25: Building] INFO  o.a.m.s.f.DefaultMavenResourcesFiltering - skip non existing resourceDirectory C:\labourmanagement\labourmanagement\src\test\resources
2025-11-22 21:26:54,760 [Worker-25: Building] INFO  o.a.m.s.f.DefaultMavenResourcesFiltering - Copying 1 resource from src\main\resources to target\classes
2025-11-22 21:26:54,771 [Worker-25: Building] INFO  o.a.m.s.f.DefaultMavenResourcesFiltering - Copying 0 resource from src\main\resources to target\classes
2025-11-22 21:26:54,783 [Worker-25: Building] INFO  o.a.m.s.f.DefaultMavenResourcesFiltering - skip non existing resourceDirectory C:\labourmanagement\labourmanagement\src\test\resources
2025-11-22 21:27:22,466 [Worker-21: Building] INFO  o.a.m.s.f.DefaultMavenResourcesFiltering - Copying 1 resource from src\main\resources to target\classes
2025-11-22 21:27:22,485 [Worker-21: Building] INFO  o.a.m.s.f.DefaultMavenResourcesFiltering - Copying 0 resource from src\main\resources to target\classes
2025-11-22 21:27:22,507 [Worker-21: Building] INFO  o.a.m.s.f.DefaultMavenResourcesFiltering - skip non existing resourceDirectory C:\labourmanagement\labourmanagement\src\test\resources
2025-11-22 21:27:37,147 [Worker-21: Building] INFO  o.a.m.s.f.DefaultMavenResourcesFiltering - Copying 1 resource from src\main\resources to target\classes
2025-11-22 21:27:37,163 [Worker-21: Building] INFO  o.a.m.s.f.DefaultMavenResourcesFiltering - Copying 0 resource from src\main\resources to target\classes
2025-11-22 21:27:37,173 [Worker-21: Building] INFO  o.a.m.s.f.DefaultMavenResourcesFiltering - skip non existing resourceDirectory C:\labourmanagement\labourmanagement\src\test\resources
2025-11-22 21:33:16,430 [Worker-31: Building] INFO  o.a.m.s.f.DefaultMavenResourcesFiltering - Copying 1 resource from src\main\resources to target\classes
2025-11-22 21:33:16,470 [Worker-31: Building] INFO  o.a.m.s.f.DefaultMavenResourcesFiltering - Copying 0 resource from src\main\resources to target\classes
2025-11-22 21:33:16,474 [Worker-31: Building] INFO  o.a.m.s.f.DefaultMavenResourcesFiltering - skip non existing resourceDirectory C:\labourmanagement\labourmanagement\src\test\resources
2025-11-22 21:37:16,297 [Worker-21: Building] INFO  o.a.m.s.f.DefaultMavenResourcesFiltering - Copying 1 resource from src\main\resources to target\classes
2025-11-22 21:37:16,337 [Worker-21: Building] INFO  o.a.m.s.f.DefaultMavenResourcesFiltering - Copying 0 resource from src\main\resources to target\classes
2025-11-22 21:37:16,343 [Worker-21: Building] INFO  o.a.m.s.f.DefaultMavenResourcesFiltering - skip non existing resourceDirectory C:\labourmanagement\labourmanagement\src\test\resources
2025-11-23 11:44:44,341 [Worker-0: Loading available Gradle versions] INFO  o.e.b.c.i.u.g.PublishedGradleVersions - Gradle version information cache is out-of-date. Trying to update.
2025-11-23 13:54:04,270 [Worker-1: Loading available Gradle versions] INFO  o.e.b.c.i.u.g.PublishedGradleVersions - Gradle version information cache is up-to-date. Trying to read.
2025-11-24 10:14:53,646 [Worker-4: Loading available Gradle versions] INFO  o.e.b.c.i.u.g.PublishedGradleVersions - Gradle version information cache is up-to-date. Trying to read.
2025-11-25 10:34:25,258 [Worker-2: Loading available Gradle versions] INFO  o.e.b.c.i.u.g.PublishedGradleVersions - Gradle version information cache is out-of-date. Trying to update.
2025-11-25 13:12:55,857 [Worker-16: Launching labourmanagement - LabourmanagementApplication] INFO  o.a.m.s.f.DefaultMavenResourcesFiltering - Copying 1 resource from src\main\resources to target\classes
2025-11-25 13:12:56,184 [Worker-16: Launching labourmanagement - LabourmanagementApplication] INFO  o.a.m.s.f.DefaultMavenResourcesFiltering - Copying 0 resource from src\main\resources to target\classes
2025-11-25 13:12:56,192 [Worker-16: Launching labourmanagement - LabourmanagementApplication] INFO  o.a.m.s.f.DefaultMavenResourcesFiltering - skip non existing resourceDirectory C:\labourmanagement\labourmanagement\src\test\resources
2025-11-25 15:15:12,067 [Worker-7: Loading available Gradle versions] INFO  o.e.b.c.i.u.g.PublishedGradleVersions - Gradle version information cache is up-to-date. Trying to read.
2025-11-26 21:31:52,578 [Worker-6: Loading available Gradle versions] INFO  o.e.b.c.i.u.g.PublishedGradleVersions - Gradle version information cache is out-of-date. Trying to update.
2025-11-26 21:32:29,722 [Worker-2: Launching labourmanagement - LabourmanagementApplication] INFO  o.a.m.s.f.DefaultMavenResourcesFiltering - Copying 1 resource from src\main\resources to target\classes
2025-11-26 21:32:29,767 [Worker-2: Launching labourmanagement - LabourmanagementApplication] INFO  o.a.m.s.f.DefaultMavenResourcesFiltering - Copying 0 resource from src\main\resources to target\classes
2025-11-26 21:32:29,773 [Worker-2: Launching labourmanagement - LabourmanagementApplication] INFO  o.a.m.s.f.DefaultMavenResourcesFiltering - skip non existing resourceDirectory C:\labourmanagement\labourmanagement\src\test\resources
2025-11-26 22:31:36,831 [Worker-1: Loading available Gradle versions] INFO  o.e.b.c.i.u.g.PublishedGradleVersions - Gradle version information cache is up-to-date. Trying to read.
2025-12-03 13:02:23,473 [Worker-0: Loading available Gradle versions] INFO  o.e.b.c.i.u.g.PublishedGradleVersions - Gradle version information cache is out-of-date. Trying to update.
2025-12-08 12:36:16,555 [Worker-2: Loading available Gradle versions] INFO  o.e.b.c.i.u.g.PublishedGradleVersions - Gradle version information cache is out-of-date. Trying to update.
2025-12-08 13:03:45,379 [Worker-2: Loading available Gradle versions] INFO  o.e.b.c.i.u.g.PublishedGradleVersions - Gradle version information cache is up-to-date. Trying to read.
2025-12-11 23:24:07,129 [Worker-2: Loading available Gradle versions] INFO  o.e.b.c.i.u.g.PublishedGradleVersions - Gradle version information cache is out-of-date. Trying to update.
2025-12-11 23:24:07,676 [Worker-2: Loading available Gradle versions] INFO  o.e.b.c.i.u.g.PublishedGradleVersions - Updating Gradle version information cache failed. Using outdated cache.
2025-12-11 23:29:37,711 [Worker-6: Launching labourmanagement - LabourmanagementApplication] INFO  o.a.m.s.f.DefaultMavenResourcesFiltering - Copying 1 resource from src\main\resources to target\classes
2025-12-11 23:29:37,750 [Worker-6: Launching labourmanagement - LabourmanagementApplication] INFO  o.a.m.s.f.DefaultMavenResourcesFiltering - Copying 0 resource from src\main\resources to target\classes
2025-12-11 23:29:37,755 [Worker-6: Launching labourmanagement - LabourmanagementApplication] INFO  o.a.m.s.f.DefaultMavenResourcesFiltering - skip non existing resourceDirectory C:\labourmanagement\labourmanagement\src\test\resources
2026-03-04 09:30:56,499 [Worker-2: Loading available Gradle versions] INFO  o.e.b.c.i.u.g.PublishedGradleVersions - Gradle version information cache is out-of-date. Trying to update.
2026-03-04 10:37:34,039 [Worker-2: Loading available Gradle versions] INFO  o.e.b.c.i.u.g.PublishedGradleVersions - Gradle version information cache is up-to-date. Trying to read.
2026-03-06 12:12:33,967 [Worker-4: Loading available Gradle versions] INFO  o.e.b.c.i.u.g.PublishedGradleVersions - Gradle version information cache is out-of-date. Trying to update.
2026-03-06 14:23:15,219 [Worker-18: Launching LabourmanagementApplication] INFO  o.a.m.s.f.DefaultMavenResourcesFiltering - Copying 1 resource from src\main\resources to target\classes
2026-03-06 14:23:15,421 [Worker-18: Launching LabourmanagementApplication] INFO  o.a.m.s.f.DefaultMavenResourcesFiltering - Copying 0 resource from src\main\resources to target\classes
2026-03-06 14:23:15,428 [Worker-18: Launching LabourmanagementApplication] INFO  o.a.m.s.f.DefaultMavenResourcesFiltering - skip non existing resourceDirectory C:\labourmanagement\labourmanagement\src\test\resources
2026-03-29 15:26:28,278 [Worker-2: Loading available Gradle versions] INFO  o.e.b.c.i.u.g.PublishedGradleVersions - Gradle version information cache is out-of-date. Trying to update.
2026-03-31 01:53:43,576 [Worker-6: Loading available Gradle versions] INFO  o.e.b.c.i.u.g.PublishedGradleVersions - Gradle version information cache is out-of-date. Trying to update.
